<?xml version="1.0" encoding="UTF-8"?>
<coverage generated="1624267940">
  <project timestamp="1624267940">
    <file name="/home/runner/work/qb/qb/src/Generic/Clause/Column.php">
      <class name="QB\Generic\Clause\Column" namespace="global">
        <metrics complexity="7" methods="3" coveredmethods="3" conditionals="0" coveredconditionals="0" statements="12" coveredstatements="12" elements="15" coveredelements="15"/>
      </class>
      <line num="22" type="method" name="__construct" visibility="public" complexity="1" crap="1" count="15"/>
      <line num="24" type="stmt" count="15"/>
      <line num="25" type="stmt" count="15"/>
      <line num="26" type="stmt" count="15"/>
      <line num="31" type="method" name="__toString" visibility="public" complexity="4" crap="4" count="13"/>
      <line num="33" type="stmt" count="13"/>
      <line num="35" type="stmt" count="13"/>
      <line num="36" type="stmt" count="1"/>
      <line num="39" type="stmt" count="13"/>
      <line num="40" type="stmt" count="10"/>
      <line num="43" type="stmt" count="5"/>
      <line num="49" type="method" name="getParams" visibility="public" complexity="2" crap="2" count="2"/>
      <line num="51" type="stmt" count="2"/>
      <line num="52" type="stmt" count="1"/>
      <line num="55" type="stmt" count="1"/>
      <metrics loc="57" ncloc="45" classes="1" methods="3" coveredmethods="3" conditionals="0" coveredconditionals="0" statements="12" coveredstatements="12" elements="15" coveredelements="15"/>
    </file>
    <file name="/home/runner/work/qb/qb/src/Generic/Clause/ColumnTest.php">
      <class name="QB\Generic\Clause\ColumnTest" namespace="global">
        <metrics complexity="5" methods="5" coveredmethods="5" conditionals="0" coveredconditionals="0" statements="30" coveredstatements="30" elements="35" coveredelements="35"/>
      </class>
      <line num="12" type="method" name="testToStringWithoutAliasAndParams" visibility="public" complexity="1" crap="1" count="1"/>
      <line num="14" type="stmt" count="1"/>
      <line num="16" type="stmt" count="1"/>
      <line num="18" type="stmt" count="1"/>
      <line num="20" type="stmt" count="1"/>
      <line num="21" type="stmt" count="1"/>
      <line num="23" type="method" name="testToStringWithoutParams" visibility="public" complexity="1" crap="1" count="1"/>
      <line num="25" type="stmt" count="1"/>
      <line num="26" type="stmt" count="1"/>
      <line num="28" type="stmt" count="1"/>
      <line num="30" type="stmt" count="1"/>
      <line num="31" type="stmt" count="1"/>
      <line num="33" type="stmt" count="1"/>
      <line num="34" type="stmt" count="1"/>
      <line num="36" type="method" name="testToStringWithoutAlias" visibility="public" complexity="1" crap="1" count="1"/>
      <line num="38" type="stmt" count="1"/>
      <line num="40" type="stmt" count="1"/>
      <line num="42" type="stmt" count="1"/>
      <line num="44" type="stmt" count="1"/>
      <line num="46" type="stmt" count="1"/>
      <line num="47" type="stmt" count="1"/>
      <line num="49" type="method" name="testGetParamsReturnsEmptyArrayIfColumnNameIsProvided" visibility="public" complexity="1" crap="1" count="1"/>
      <line num="51" type="stmt" count="1"/>
      <line num="53" type="stmt" count="1"/>
      <line num="55" type="stmt" count="1"/>
      <line num="57" type="stmt" count="1"/>
      <line num="58" type="stmt" count="1"/>
      <line num="60" type="method" name="testGetParamsReturnsExpressionParams" visibility="public" complexity="1" crap="1" count="1"/>
      <line num="62" type="stmt" count="1"/>
      <line num="63" type="stmt" count="1"/>
      <line num="65" type="stmt" count="1"/>
      <line num="67" type="stmt" count="1"/>
      <line num="68" type="stmt" count="1"/>
      <line num="70" type="stmt" count="1"/>
      <line num="71" type="stmt" count="1"/>
      <metrics loc="72" ncloc="72" classes="1" methods="5" coveredmethods="5" conditionals="0" coveredconditionals="0" statements="30" coveredstatements="30" elements="35" coveredelements="35"/>
    </file>
    <file name="/home/runner/work/qb/qb/src/Generic/Clause/IColumn.php">
      <metrics loc="11" ncloc="11" classes="0" methods="0" coveredmethods="0" conditionals="0" coveredconditionals="0" statements="0" coveredstatements="0" elements="0" coveredelements="0"/>
    </file>
    <file name="/home/runner/work/qb/qb/src/Generic/Clause/Join.php">
      <class name="QB\Generic\Clause\Join" namespace="global">
        <metrics complexity="5" methods="3" coveredmethods="2" conditionals="0" coveredconditionals="0" statements="11" coveredstatements="10" elements="14" coveredelements="12"/>
      </class>
      <line num="24" type="method" name="__construct" visibility="public" complexity="2" crap="2.01" count="4"/>
      <line num="26" type="stmt" count="4"/>
      <line num="27" type="stmt" count="0"/>
      <line num="30" type="stmt" count="4"/>
      <line num="31" type="stmt" count="4"/>
      <line num="32" type="stmt" count="4"/>
      <line num="33" type="stmt" count="4"/>
      <line num="34" type="stmt" count="4"/>
      <line num="39" type="method" name="__toString" visibility="public" complexity="2" crap="2" count="4"/>
      <line num="41" type="stmt" count="4"/>
      <line num="42" type="stmt" count="3"/>
      <line num="45" type="stmt" count="1"/>
      <line num="51" type="method" name="getParams" visibility="public" complexity="1" crap="1" count="2"/>
      <line num="53" type="stmt" count="2"/>
      <metrics loc="55" ncloc="41" classes="1" methods="3" coveredmethods="2" conditionals="0" coveredconditionals="0" statements="11" coveredstatements="10" elements="14" coveredelements="12"/>
    </file>
    <file name="/home/runner/work/qb/qb/src/Generic/Clause/JoinQuery.php">
      <class name="QB\Generic\Clause\JoinQuery" namespace="global">
        <metrics complexity="3" methods="3" coveredmethods="3" conditionals="0" coveredconditionals="0" statements="8" coveredstatements="8" elements="11" coveredelements="11"/>
      </class>
      <line num="25" type="method" name="__construct" visibility="public" complexity="1" crap="1" count="2"/>
      <line num="27" type="stmt" count="2"/>
      <line num="28" type="stmt" count="2"/>
      <line num="29" type="stmt" count="2"/>
      <line num="30" type="stmt" count="2"/>
      <line num="31" type="stmt" count="2"/>
      <line num="36" type="method" name="__toString" visibility="public" complexity="1" crap="1" count="2"/>
      <line num="38" type="stmt" count="2"/>
      <line num="40" type="stmt" count="2"/>
      <line num="46" type="method" name="getParams" visibility="public" complexity="1" crap="1" count="2"/>
      <line num="48" type="stmt" count="2"/>
      <metrics loc="50" ncloc="36" classes="1" methods="3" coveredmethods="3" conditionals="0" coveredconditionals="0" statements="8" coveredstatements="8" elements="11" coveredelements="11"/>
    </file>
    <file name="/home/runner/work/qb/qb/src/Generic/Clause/JoinQueryTest.php">
      <class name="QB\Generic\Clause\JoinQueryTest" namespace="global">
        <metrics complexity="2" methods="2" coveredmethods="1" conditionals="0" coveredconditionals="0" statements="20" coveredstatements="6" elements="22" coveredelements="7"/>
      </class>
      <line num="13" type="method" name="toStringGetParamsProvider" visibility="public" complexity="1" crap="2" count="0"/>
      <line num="15" type="stmt" count="0"/>
      <line num="16" type="stmt" count="0"/>
      <line num="18" type="stmt" count="0"/>
      <line num="19" type="stmt" count="0"/>
      <line num="23" type="stmt" count="0"/>
      <line num="24" type="stmt" count="0"/>
      <line num="25" type="stmt" count="0"/>
      <line num="26" type="stmt" count="0"/>
      <line num="27" type="stmt" count="0"/>
      <line num="31" type="stmt" count="0"/>
      <line num="32" type="stmt" count="0"/>
      <line num="33" type="stmt" count="0"/>
      <line num="34" type="stmt" count="0"/>
      <line num="35" type="stmt" count="0"/>
      <line num="51" type="method" name="testToStringGetParamsProvider" visibility="public" complexity="1" crap="1" count="2"/>
      <line num="59" type="stmt" count="2"/>
      <line num="61" type="stmt" count="2"/>
      <line num="62" type="stmt" count="2"/>
      <line num="64" type="stmt" count="2"/>
      <line num="65" type="stmt" count="2"/>
      <line num="66" type="stmt" count="2"/>
      <metrics loc="67" ncloc="57" classes="1" methods="2" coveredmethods="1" conditionals="0" coveredconditionals="0" statements="20" coveredstatements="6" elements="22" coveredelements="7"/>
    </file>
    <file name="/home/runner/work/qb/qb/src/Generic/Clause/JoinTest.php">
      <class name="QB\Generic\Clause\JoinTest" namespace="global">
        <metrics complexity="2" methods="2" coveredmethods="1" conditionals="0" coveredconditionals="0" statements="14" coveredstatements="6" elements="16" coveredelements="7"/>
      </class>
      <line num="12" type="method" name="toStringGetParamsProvider" visibility="public" complexity="1" crap="2" count="0"/>
      <line num="16" type="stmt" count="0"/>
      <line num="17" type="stmt" count="0"/>
      <line num="18" type="stmt" count="0"/>
      <line num="19" type="stmt" count="0"/>
      <line num="20" type="stmt" count="0"/>
      <line num="25" type="stmt" count="0"/>
      <line num="26" type="stmt" count="0"/>
      <line num="28" type="stmt" count="0"/>
      <line num="44" type="method" name="testToStringGetParamsProvider" visibility="public" complexity="1" crap="1" count="2"/>
      <line num="52" type="stmt" count="2"/>
      <line num="54" type="stmt" count="2"/>
      <line num="55" type="stmt" count="2"/>
      <line num="57" type="stmt" count="2"/>
      <line num="58" type="stmt" count="2"/>
      <line num="59" type="stmt" count="2"/>
      <metrics loc="60" ncloc="50" classes="1" methods="2" coveredmethods="1" conditionals="0" coveredconditionals="0" statements="14" coveredstatements="6" elements="16" coveredelements="7"/>
    </file>
    <file name="/home/runner/work/qb/qb/src/Generic/Clause/Table.php">
      <class name="QB\Generic\Clause\Table" namespace="global">
        <metrics complexity="4" methods="3" coveredmethods="2" conditionals="0" coveredconditionals="0" statements="7" coveredstatements="6" elements="10" coveredelements="8"/>
      </class>
      <line num="21" type="method" name="__construct" visibility="public" complexity="1" crap="1" count="4"/>
      <line num="23" type="stmt" count="4"/>
      <line num="24" type="stmt" count="4"/>
      <line num="25" type="stmt" count="4"/>
      <line num="30" type="method" name="__toString" visibility="public" complexity="2" crap="2" count="4"/>
      <line num="32" type="stmt" count="4"/>
      <line num="33" type="stmt" count="1"/>
      <line num="36" type="stmt" count="3"/>
      <line num="42" type="method" name="getParams" visibility="public" complexity="1" crap="2" count="0"/>
      <line num="44" type="stmt" count="0"/>
      <metrics loc="46" ncloc="34" classes="1" methods="3" coveredmethods="2" conditionals="0" coveredconditionals="0" statements="7" coveredstatements="6" elements="10" coveredelements="8"/>
    </file>
    <file name="/home/runner/work/qb/qb/src/Generic/Clause/TableTest.php">
      <class name="QB\Generic\Clause\TableTest" namespace="global">
        <metrics complexity="2" methods="2" coveredmethods="2" conditionals="0" coveredconditionals="0" statements="13" coveredstatements="13" elements="15" coveredelements="15"/>
      </class>
      <line num="11" type="method" name="testToStringWithoutAlias" visibility="public" complexity="1" crap="1" count="1"/>
      <line num="13" type="stmt" count="1"/>
      <line num="15" type="stmt" count="1"/>
      <line num="17" type="stmt" count="1"/>
      <line num="18" type="stmt" count="1"/>
      <line num="20" type="stmt" count="1"/>
      <line num="21" type="stmt" count="1"/>
      <line num="23" type="method" name="testToStringWithAlias" visibility="public" complexity="1" crap="1" count="1"/>
      <line num="25" type="stmt" count="1"/>
      <line num="26" type="stmt" count="1"/>
      <line num="28" type="stmt" count="1"/>
      <line num="30" type="stmt" count="1"/>
      <line num="31" type="stmt" count="1"/>
      <line num="33" type="stmt" count="1"/>
      <line num="34" type="stmt" count="1"/>
      <metrics loc="35" ncloc="35" classes="1" methods="2" coveredmethods="2" conditionals="0" coveredconditionals="0" statements="13" coveredstatements="13" elements="15" coveredelements="15"/>
    </file>
    <file name="/home/runner/work/qb/qb/src/Generic/Expr/Expr.php">
      <class name="QB\Generic\Expr\Expr" namespace="global">
        <metrics complexity="12" methods="6" coveredmethods="6" conditionals="0" coveredconditionals="0" statements="25" coveredstatements="25" elements="31" coveredelements="31"/>
      </class>
      <line num="29" type="method" name="__construct" visibility="public" complexity="1" crap="1" count="26"/>
      <line num="31" type="stmt" count="26"/>
      <line num="33" type="stmt" count="26"/>
      <line num="35" type="stmt" count="26"/>
      <line num="36" type="stmt" count="26"/>
      <line num="43" type="method" name="bindNamedParam" visibility="public" complexity="2" crap="2" count="4"/>
      <line num="45" type="stmt" count="4"/>
      <line num="47" type="stmt" count="4"/>
      <line num="48" type="stmt" count="1"/>
      <line num="49" type="stmt" count="1"/>
      <line num="53" type="stmt" count="3"/>
      <line num="54" type="stmt" count="3"/>
      <line num="60" type="method" name="bindParam" visibility="public" complexity="2" crap="2" count="11"/>
      <line num="62" type="stmt" count="11"/>
      <line num="63" type="stmt" count="1"/>
      <line num="66" type="stmt" count="11"/>
      <line num="67" type="stmt" count="11"/>
      <line num="72" type="method" name="bindParams" visibility="public" complexity="5" crap="5" count="26"/>
      <line num="74" type="stmt" count="26"/>
      <line num="75" type="stmt" count="14"/>
      <line num="76" type="stmt" count="4"/>
      <line num="77" type="stmt" count="2"/>
      <line num="79" type="stmt" count="4"/>
      <line num="82" type="stmt" count="11"/>
      <line num="83" type="stmt" count="8"/>
      <line num="85" type="stmt" count="3"/>
      <line num="89" type="stmt" count="26"/>
      <line num="94" type="method" name="__toString" visibility="public" complexity="1" crap="1" count="26"/>
      <line num="96" type="stmt" count="26"/>
      <line num="102" type="method" name="getParams" visibility="public" complexity="1" crap="1" count="10"/>
      <line num="104" type="stmt" count="10"/>
      <metrics loc="106" ncloc="79" classes="1" methods="6" coveredmethods="6" conditionals="0" coveredconditionals="0" statements="25" coveredstatements="25" elements="31" coveredelements="31"/>
    </file>
    <file name="/home/runner/work/qb/qb/src/Generic/Expr/ExprTest.php">
      <class name="QB\Generic\Expr\ExprTest" namespace="global">
        <metrics complexity="7" methods="7" coveredmethods="5" conditionals="0" coveredconditionals="0" statements="56" coveredstatements="54" elements="63" coveredelements="59"/>
      </class>
      <line num="13" type="method" name="testToStringWithoutParams" visibility="public" complexity="1" crap="1" count="1"/>
      <line num="15" type="stmt" count="1"/>
      <line num="17" type="stmt" count="1"/>
      <line num="19" type="stmt" count="1"/>
      <line num="21" type="stmt" count="1"/>
      <line num="22" type="stmt" count="1"/>
      <line num="24" type="method" name="testToStringWithUntypedUnnamedParams" visibility="public" complexity="1" crap="1" count="1"/>
      <line num="26" type="stmt" count="1"/>
      <line num="27" type="stmt" count="1"/>
      <line num="28" type="stmt" count="1"/>
      <line num="30" type="stmt" count="1"/>
      <line num="31" type="stmt" count="1"/>
      <line num="33" type="stmt" count="1"/>
      <line num="34" type="stmt" count="1"/>
      <line num="36" type="stmt" count="1"/>
      <line num="37" type="stmt" count="1"/>
      <line num="38" type="stmt" count="1"/>
      <line num="40" type="method" name="testToStringWithUntypedNamedParams" visibility="public" complexity="1" crap="1" count="1"/>
      <line num="42" type="stmt" count="1"/>
      <line num="43" type="stmt" count="1"/>
      <line num="44" type="stmt" count="1"/>
      <line num="46" type="stmt" count="1"/>
      <line num="47" type="stmt" count="1"/>
      <line num="49" type="stmt" count="1"/>
      <line num="50" type="stmt" count="1"/>
      <line num="52" type="stmt" count="1"/>
      <line num="53" type="stmt" count="1"/>
      <line num="54" type="stmt" count="1"/>
      <line num="56" type="method" name="testToStringWithMultipleUntypedAndUnnamedParams" visibility="public" complexity="1" crap="1" count="1"/>
      <line num="58" type="stmt" count="1"/>
      <line num="59" type="stmt" count="1"/>
      <line num="60" type="stmt" count="1"/>
      <line num="62" type="stmt" count="1"/>
      <line num="63" type="stmt" count="1"/>
      <line num="65" type="stmt" count="1"/>
      <line num="66" type="stmt" count="1"/>
      <line num="68" type="stmt" count="1"/>
      <line num="69" type="stmt" count="1"/>
      <line num="70" type="stmt" count="1"/>
      <line num="72" type="method" name="testToStringWithMultipleUnnamedParams" visibility="public" complexity="1" crap="1" count="1"/>
      <line num="74" type="stmt" count="1"/>
      <line num="75" type="stmt" count="1"/>
      <line num="77" type="stmt" count="1"/>
      <line num="78" type="stmt" count="1"/>
      <line num="80" type="stmt" count="1"/>
      <line num="81" type="stmt" count="1"/>
      <line num="83" type="stmt" count="1"/>
      <line num="84" type="stmt" count="1"/>
      <line num="85" type="stmt" count="1"/>
      <line num="87" type="method" name="testBindingParamWitInvalidNameThrowsException" visibility="public" complexity="1" crap="1.00" count="1"/>
      <line num="89" type="stmt" count="1"/>
      <line num="91" type="stmt" count="1"/>
      <line num="92" type="stmt" count="1"/>
      <line num="94" type="stmt" count="1"/>
      <line num="95" type="stmt" count="1"/>
      <line num="96" type="stmt" count="0"/>
      <line num="98" type="method" name="testBindingTooManyUnnamedParamsThrowsException" visibility="public" complexity="1" crap="1.00" count="1"/>
      <line num="100" type="stmt" count="1"/>
      <line num="102" type="stmt" count="1"/>
      <line num="103" type="stmt" count="1"/>
      <line num="105" type="stmt" count="1"/>
      <line num="106" type="stmt" count="1"/>
      <line num="107" type="stmt" count="0"/>
      <metrics loc="108" ncloc="108" classes="1" methods="7" coveredmethods="5" conditionals="0" coveredconditionals="0" statements="56" coveredstatements="54" elements="63" coveredelements="59"/>
    </file>
    <file name="/home/runner/work/qb/qb/src/Generic/Factory/Factory.php">
      <class name="QB\Generic\Factory\Factory" namespace="global">
        <metrics complexity="5" methods="5" coveredmethods="5" conditionals="0" coveredconditionals="0" statements="5" coveredstatements="5" elements="10" coveredelements="10"/>
      </class>
      <line num="23" type="method" name="select" visibility="public" complexity="1" crap="1" count="1"/>
      <line num="25" type="stmt" count="1"/>
      <line num="31" type="method" name="insert" visibility="public" complexity="1" crap="1" count="3"/>
      <line num="33" type="stmt" count="3"/>
      <line num="39" type="method" name="update" visibility="public" complexity="1" crap="1" count="3"/>
      <line num="41" type="stmt" count="3"/>
      <line num="47" type="method" name="delete" visibility="public" complexity="1" crap="1" count="3"/>
      <line num="49" type="stmt" count="3"/>
      <line num="55" type="method" name="truncate" visibility="public" complexity="1" crap="1" count="3"/>
      <line num="57" type="stmt" count="3"/>
      <metrics loc="59" ncloc="44" classes="1" methods="5" coveredmethods="5" conditionals="0" coveredconditionals="0" statements="5" coveredstatements="5" elements="10" coveredelements="10"/>
    </file>
    <file name="/home/runner/work/qb/qb/src/Generic/Factory/FactoryTest.php">
      <class name="QB\Generic\Factory\FactoryTest" namespace="global">
        <metrics complexity="6" methods="6" coveredmethods="6" conditionals="0" coveredconditionals="0" statements="27" coveredstatements="27" elements="33" coveredelements="33"/>
      </class>
      <line num="19" type="method" name="setUp" visibility="public" complexity="1" crap="1" count="5"/>
      <line num="21" type="stmt" count="5"/>
      <line num="22" type="stmt" count="5"/>
      <line num="24" type="method" name="testSelect" visibility="public" complexity="1" crap="1" count="2"/>
      <line num="26" type="stmt" count="2"/>
      <line num="28" type="stmt" count="2"/>
      <line num="30" type="stmt" count="2"/>
      <line num="31" type="stmt" count="2"/>
      <line num="32" type="stmt" count="2"/>
      <line num="34" type="method" name="testInsert" visibility="public" complexity="1" crap="1" count="3"/>
      <line num="36" type="stmt" count="3"/>
      <line num="38" type="stmt" count="3"/>
      <line num="40" type="stmt" count="3"/>
      <line num="41" type="stmt" count="3"/>
      <line num="42" type="stmt" count="3"/>
      <line num="44" type="method" name="testUpdate" visibility="public" complexity="1" crap="1" count="3"/>
      <line num="46" type="stmt" count="3"/>
      <line num="48" type="stmt" count="3"/>
      <line num="50" type="stmt" count="3"/>
      <line num="51" type="stmt" count="3"/>
      <line num="52" type="stmt" count="3"/>
      <line num="54" type="method" name="testDelete" visibility="public" complexity="1" crap="1" count="3"/>
      <line num="56" type="stmt" count="3"/>
      <line num="58" type="stmt" count="3"/>
      <line num="60" type="stmt" count="3"/>
      <line num="61" type="stmt" count="3"/>
      <line num="62" type="stmt" count="3"/>
      <line num="64" type="method" name="testTruncate" visibility="public" complexity="1" crap="1" count="3"/>
      <line num="66" type="stmt" count="3"/>
      <line num="68" type="stmt" count="3"/>
      <line num="70" type="stmt" count="3"/>
      <line num="71" type="stmt" count="3"/>
      <line num="72" type="stmt" count="3"/>
      <metrics loc="73" ncloc="72" classes="1" methods="6" coveredmethods="6" conditionals="0" coveredconditionals="0" statements="27" coveredstatements="27" elements="33" coveredelements="33"/>
    </file>
    <file name="/home/runner/work/qb/qb/src/Generic/Factory/IFactory.php">
      <metrics loc="24" ncloc="24" classes="0" methods="0" coveredmethods="0" conditionals="0" coveredconditionals="0" statements="0" coveredstatements="0" elements="0" coveredelements="0"/>
    </file>
    <file name="/home/runner/work/qb/qb/src/Generic/Statement/Delete.php">
      <class name="QB\Generic\Statement\Delete" namespace="global">
        <metrics complexity="17" methods="9" coveredmethods="5" conditionals="0" coveredconditionals="0" statements="37" coveredstatements="29" elements="46" coveredelements="34"/>
      </class>
      <line num="27" type="method" name="addFrom" visibility="public" complexity="1" crap="1" count="5"/>
      <line num="29" type="stmt" count="5"/>
      <line num="31" type="stmt" count="5"/>
      <line num="39" type="method" name="addModifier" visibility="public" complexity="1" crap="2" count="0"/>
      <line num="41" type="stmt" count="0"/>
      <line num="43" type="stmt" count="0"/>
      <line num="51" type="method" name="addWhere" visibility="public" complexity="3" crap="3" count="5"/>
      <line num="53" type="stmt" count="5"/>
      <line num="54" type="stmt" count="5"/>
      <line num="56" type="stmt" count="5"/>
      <line num="59" type="stmt" count="5"/>
      <line num="65" type="method" name="__toString" visibility="public" complexity="2" crap="2.01" count="5"/>
      <line num="67" type="stmt" count="5"/>
      <line num="68" type="stmt" count="0"/>
      <line num="71" type="stmt" count="5"/>
      <line num="73" type="stmt" count="5"/>
      <line num="74" type="stmt" count="5"/>
      <line num="75" type="stmt" count="5"/>
      <line num="78" type="stmt" count="5"/>
      <line num="80" type="stmt" count="5"/>
      <line num="83" type="method" name="isValid" visibility="public" complexity="2" crap="2" count="5"/>
      <line num="85" type="stmt" count="5"/>
      <line num="88" type="method" name="delete" visibility="protected" complexity="1" crap="1" count="5"/>
      <line num="90" type="stmt" count="5"/>
      <line num="91" type="stmt" count="5"/>
      <line num="92" type="stmt" count="5"/>
      <line num="93" type="stmt" count="5"/>
      <line num="94" type="stmt" count="5"/>
      <line num="96" type="stmt" count="5"/>
      <line num="98" type="stmt" count="5"/>
      <line num="101" type="method" name="getModifiers" visibility="protected" complexity="2" crap="2" count="5"/>
      <line num="103" type="stmt" count="5"/>
      <line num="104" type="stmt" count="4"/>
      <line num="107" type="stmt" count="1"/>
      <line num="110" type="method" name="where" visibility="protected" complexity="3" crap="3.04" count="5"/>
      <line num="112" type="stmt" count="5"/>
      <line num="113" type="stmt" count="0"/>
      <line num="116" type="stmt" count="5"/>
      <line num="117" type="stmt" count="5"/>
      <line num="118" type="stmt" count="5"/>
      <line num="121" type="stmt" count="5"/>
      <line num="127" type="method" name="getParams" visibility="public" complexity="2" crap="6" count="0"/>
      <line num="129" type="stmt" count="0"/>
      <line num="131" type="stmt" count="0"/>
      <line num="132" type="stmt" count="0"/>
      <line num="135" type="stmt" count="0"/>
      <metrics loc="137" ncloc="113" classes="1" methods="9" coveredmethods="5" conditionals="0" coveredconditionals="0" statements="37" coveredstatements="29" elements="46" coveredelements="34"/>
    </file>
    <file name="/home/runner/work/qb/qb/src/Generic/Statement/DeleteTest.php">
      <class name="QB\Generic\Statement\DeleteTest" namespace="global">
        <metrics complexity="2" methods="2" coveredmethods="2" conditionals="0" coveredconditionals="0" statements="10" coveredstatements="10" elements="12" coveredelements="12"/>
      </class>
      <line num="12" type="method" name="testDeleteSimple" visibility="public" complexity="1" crap="1" count="1"/>
      <line num="14" type="stmt" count="1"/>
      <line num="15" type="stmt" count="1"/>
      <line num="16" type="stmt" count="1"/>
      <line num="18" type="stmt" count="1"/>
      <line num="19" type="stmt" count="1"/>
      <line num="20" type="stmt" count="1"/>
      <line num="22" type="stmt" count="1"/>
      <line num="24" type="stmt" count="1"/>
      <line num="25" type="stmt" count="1"/>
      <line num="32" type="method" name="getSut" visibility="protected" complexity="1" crap="1" count="1"/>
      <line num="34" type="stmt" count="1"/>
      <metrics loc="36" ncloc="31" classes="1" methods="2" coveredmethods="2" conditionals="0" coveredconditionals="0" statements="10" coveredstatements="10" elements="12" coveredelements="12"/>
    </file>
    <file name="/home/runner/work/qb/qb/src/Generic/Statement/IDelete.php">
      <metrics loc="15" ncloc="15" classes="0" methods="0" coveredmethods="0" conditionals="0" coveredconditionals="0" statements="0" coveredstatements="0" elements="0" coveredelements="0"/>
    </file>
    <file name="/home/runner/work/qb/qb/src/Generic/Statement/IInsert.php">
      <metrics loc="20" ncloc="20" classes="0" methods="0" coveredmethods="0" conditionals="0" coveredconditionals="0" statements="0" coveredstatements="0" elements="0" coveredelements="0"/>
    </file>
    <file name="/home/runner/work/qb/qb/src/Generic/Statement/ITruncate.php">
      <metrics loc="12" ncloc="12" classes="0" methods="0" coveredmethods="0" conditionals="0" coveredconditionals="0" statements="0" coveredstatements="0" elements="0" coveredelements="0"/>
    </file>
    <file name="/home/runner/work/qb/qb/src/Generic/Statement/IUpdate.php">
      <metrics loc="19" ncloc="19" classes="0" methods="0" coveredmethods="0" conditionals="0" coveredconditionals="0" statements="0" coveredstatements="0" elements="0" coveredelements="0"/>
    </file>
    <file name="/home/runner/work/qb/qb/src/Generic/Statement/Insert.php">
      <class name="QB\Generic\Statement\Insert" namespace="global">
        <metrics complexity="26" methods="12" coveredmethods="4" conditionals="0" coveredconditionals="0" statements="56" coveredstatements="39" elements="68" coveredelements="43"/>
      </class>
      <line num="28" type="method" name="addFrom" visibility="public" complexity="1" crap="1" count="9"/>
      <line num="30" type="stmt" count="9"/>
      <line num="32" type="stmt" count="9"/>
      <line num="40" type="method" name="addModifier" visibility="public" complexity="1" crap="2" count="0"/>
      <line num="42" type="stmt" count="0"/>
      <line num="44" type="stmt" count="0"/>
      <line num="53" type="method" name="addColumn" visibility="public" complexity="2" crap="6" count="0"/>
      <line num="55" type="stmt" count="0"/>
      <line num="56" type="stmt" count="0"/>
      <line num="58" type="stmt" count="0"/>
      <line num="61" type="stmt" count="0"/>
      <line num="69" type="method" name="addColumns" visibility="public" complexity="3" crap="3.33" count="2"/>
      <line num="71" type="stmt" count="2"/>
      <line num="72" type="stmt" count="2"/>
      <line num="73" type="stmt" count="0"/>
      <line num="74" type="stmt" count="0"/>
      <line num="76" type="stmt" count="2"/>
      <line num="80" type="stmt" count="2"/>
      <line num="88" type="method" name="addValues" visibility="public" complexity="3" crap="3.14" count="8"/>
      <line num="90" type="stmt" count="8"/>
      <line num="91" type="stmt" count="0"/>
      <line num="94" type="stmt" count="8"/>
      <line num="96" type="stmt" count="8"/>
      <line num="102" type="method" name="__toString" visibility="public" complexity="2" crap="2.01" count="9"/>
      <line num="104" type="stmt" count="9"/>
      <line num="105" type="stmt" count="0"/>
      <line num="108" type="stmt" count="9"/>
      <line num="110" type="stmt" count="9"/>
      <line num="111" type="stmt" count="9"/>
      <line num="112" type="stmt" count="9"/>
      <line num="115" type="stmt" count="9"/>
      <line num="117" type="stmt" count="9"/>
      <line num="120" type="method" name="isValid" visibility="public" complexity="2" crap="2" count="5"/>
      <line num="122" type="stmt" count="5"/>
      <line num="125" type="method" name="insert" visibility="protected" complexity="4" crap="4.00" count="9"/>
      <line num="127" type="stmt" count="9"/>
      <line num="128" type="stmt" count="9"/>
      <line num="129" type="stmt" count="9"/>
      <line num="130" type="stmt" count="9"/>
      <line num="131" type="stmt" count="9"/>
      <line num="133" type="stmt" count="9"/>
      <line num="135" type="stmt" count="9"/>
      <line num="137" type="stmt" count="9"/>
      <line num="138" type="stmt" count="7"/>
      <line num="141" type="stmt" count="2"/>
      <line num="142" type="stmt" count="2"/>
      <line num="143" type="stmt" count="2"/>
      <line num="144" type="stmt" count="2"/>
      <line num="146" type="stmt" count="0"/>
      <line num="150" type="stmt" count="2"/>
      <line num="153" type="method" name="getModifiers" visibility="protected" complexity="2" crap="2" count="9"/>
      <line num="155" type="stmt" count="9"/>
      <line num="156" type="stmt" count="8"/>
      <line num="159" type="stmt" count="1"/>
      <line num="162" type="method" name="values" visibility="protected" complexity="2" crap="2" count="8"/>
      <line num="164" type="stmt" count="8"/>
      <line num="166" type="stmt" count="8"/>
      <line num="168" type="stmt" count="8"/>
      <line num="170" type="stmt" count="8"/>
      <line num="172" type="stmt" count="8"/>
      <line num="178" type="method" name="getParams" visibility="public" complexity="3" crap="12" count="0"/>
      <line num="180" type="stmt" count="0"/>
      <line num="182" type="stmt" count="0"/>
      <line num="183" type="stmt" count="0"/>
      <line num="184" type="stmt" count="0"/>
      <line num="188" type="stmt" count="0"/>
      <line num="194" type="method" name="getValues" visibility="public" complexity="1" crap="2" count="0"/>
      <line num="196" type="stmt" count="0"/>
      <metrics loc="198" ncloc="159" classes="1" methods="12" coveredmethods="4" conditionals="0" coveredconditionals="0" statements="56" coveredstatements="39" elements="68" coveredelements="43"/>
    </file>
    <file name="/home/runner/work/qb/qb/src/Generic/Statement/InsertTest.php">
      <class name="QB\Generic\Statement\InsertTest" namespace="global">
        <metrics complexity="3" methods="3" coveredmethods="3" conditionals="0" coveredconditionals="0" statements="19" coveredstatements="19" elements="22" coveredelements="22"/>
      </class>
      <line num="11" type="method" name="testInsertSimple" visibility="public" complexity="1" crap="1" count="2"/>
      <line num="13" type="stmt" count="2"/>
      <line num="15" type="stmt" count="2"/>
      <line num="16" type="stmt" count="2"/>
      <line num="17" type="stmt" count="2"/>
      <line num="19" type="stmt" count="2"/>
      <line num="21" type="stmt" count="2"/>
      <line num="22" type="stmt" count="2"/>
      <line num="24" type="method" name="testInsertComplex" visibility="public" complexity="1" crap="1" count="2"/>
      <line num="26" type="stmt" count="2"/>
      <line num="27" type="stmt" count="2"/>
      <line num="28" type="stmt" count="2"/>
      <line num="29" type="stmt" count="2"/>
      <line num="31" type="stmt" count="2"/>
      <line num="32" type="stmt" count="2"/>
      <line num="33" type="stmt" count="2"/>
      <line num="34" type="stmt" count="2"/>
      <line num="36" type="stmt" count="2"/>
      <line num="38" type="stmt" count="2"/>
      <line num="39" type="stmt" count="2"/>
      <line num="46" type="method" name="getSut" visibility="protected" complexity="1" crap="1" count="2"/>
      <line num="48" type="stmt" count="2"/>
      <metrics loc="50" ncloc="45" classes="1" methods="3" coveredmethods="3" conditionals="0" coveredconditionals="0" statements="19" coveredstatements="19" elements="22" coveredelements="22"/>
    </file>
    <file name="/home/runner/work/qb/qb/src/Generic/Statement/Select.php">
      <class name="QB\Generic\Statement\Select" namespace="global">
        <metrics complexity="66" methods="28" coveredmethods="22" conditionals="0" coveredconditionals="0" statements="131" coveredstatements="114" elements="159" coveredelements="136"/>
      </class>
      <line num="58" type="method" name="addFrom" visibility="public" complexity="1" crap="1" count="18"/>
      <line num="60" type="stmt" count="18"/>
      <line num="62" type="stmt" count="18"/>
      <line num="70" type="method" name="addModifier" visibility="public" complexity="1" crap="1" count="1"/>
      <line num="72" type="stmt" count="1"/>
      <line num="74" type="stmt" count="1"/>
      <line num="83" type="method" name="addColumn" visibility="public" complexity="1" crap="1" count="6"/>
      <line num="85" type="stmt" count="6"/>
      <line num="87" type="stmt" count="6"/>
      <line num="95" type="method" name="addColumns" visibility="public" complexity="4" crap="4" count="5"/>
      <line num="97" type="stmt" count="5"/>
      <line num="98" type="stmt" count="5"/>
      <line num="99" type="stmt" count="1"/>
      <line num="100" type="stmt" count="1"/>
      <line num="103" type="stmt" count="5"/>
      <line num="104" type="stmt" count="2"/>
      <line num="106" type="stmt" count="2"/>
      <line num="108" type="stmt" count="5"/>
      <line num="112" type="stmt" count="5"/>
      <line num="122" type="method" name="addInnerJoin" visibility="public" complexity="2" crap="2" count="2"/>
      <line num="124" type="stmt" count="2"/>
      <line num="126" type="stmt" count="2"/>
      <line num="128" type="stmt" count="2"/>
      <line num="138" type="method" name="addLeftJoin" visibility="public" complexity="2" crap="6" count="0"/>
      <line num="140" type="stmt" count="0"/>
      <line num="142" type="stmt" count="0"/>
      <line num="144" type="stmt" count="0"/>
      <line num="154" type="method" name="addRightJoin" visibility="public" complexity="2" crap="6" count="0"/>
      <line num="156" type="stmt" count="0"/>
      <line num="158" type="stmt" count="0"/>
      <line num="160" type="stmt" count="0"/>
      <line num="170" type="method" name="addFullJoin" visibility="public" complexity="2" crap="6" count="0"/>
      <line num="172" type="stmt" count="0"/>
      <line num="174" type="stmt" count="0"/>
      <line num="176" type="stmt" count="0"/>
      <line num="184" type="method" name="addJoin" visibility="public" complexity="2" crap="6" count="0"/>
      <line num="186" type="stmt" count="0"/>
      <line num="187" type="stmt" count="0"/>
      <line num="190" type="stmt" count="0"/>
      <line num="198" type="method" name="addWhere" visibility="public" complexity="3" crap="3" count="2"/>
      <line num="200" type="stmt" count="2"/>
      <line num="201" type="stmt" count="2"/>
      <line num="203" type="stmt" count="2"/>
      <line num="206" type="stmt" count="2"/>
      <line num="214" type="method" name="addGroupBy" visibility="public" complexity="3" crap="3" count="2"/>
      <line num="216" type="stmt" count="2"/>
      <line num="217" type="stmt" count="2"/>
      <line num="219" type="stmt" count="2"/>
      <line num="222" type="stmt" count="2"/>
      <line num="230" type="method" name="addHaving" visibility="public" complexity="3" crap="3" count="2"/>
      <line num="232" type="stmt" count="2"/>
      <line num="233" type="stmt" count="2"/>
      <line num="235" type="stmt" count="2"/>
      <line num="238" type="stmt" count="2"/>
      <line num="247" type="method" name="addOrderBy" visibility="public" complexity="1" crap="1" count="2"/>
      <line num="249" type="stmt" count="2"/>
      <line num="251" type="stmt" count="2"/>
      <line num="259" type="method" name="setOffset" visibility="public" complexity="1" crap="1" count="2"/>
      <line num="261" type="stmt" count="2"/>
      <line num="263" type="stmt" count="2"/>
      <line num="271" type="method" name="setLimit" visibility="public" complexity="1" crap="1" count="2"/>
      <line num="273" type="stmt" count="2"/>
      <line num="275" type="stmt" count="2"/>
      <line num="281" type="method" name="__toString" visibility="public" complexity="3" crap="3" count="21"/>
      <line num="283" type="stmt" count="21"/>
      <line num="284" type="stmt" count="2"/>
      <line num="287" type="stmt" count="19"/>
      <line num="289" type="stmt" count="19"/>
      <line num="290" type="stmt" count="5"/>
      <line num="293" type="stmt" count="14"/>
      <line num="294" type="stmt" count="14"/>
      <line num="295" type="stmt" count="14"/>
      <line num="296" type="stmt" count="14"/>
      <line num="297" type="stmt" count="14"/>
      <line num="298" type="stmt" count="14"/>
      <line num="299" type="stmt" count="14"/>
      <line num="300" type="stmt" count="14"/>
      <line num="301" type="stmt" count="14"/>
      <line num="304" type="stmt" count="14"/>
      <line num="306" type="stmt" count="14"/>
      <line num="309" type="method" name="isValid" visibility="public" complexity="2" crap="2" count="21"/>
      <line num="311" type="stmt" count="21"/>
      <line num="314" type="method" name="getSelect" visibility="protected" complexity="2" crap="2" count="19"/>
      <line num="316" type="stmt" count="19"/>
      <line num="317" type="stmt" count="19"/>
      <line num="318" type="stmt" count="19"/>
      <line num="320" type="stmt" count="19"/>
      <line num="322" type="stmt" count="19"/>
      <line num="324" type="stmt" count="19"/>
      <line num="325" type="stmt" count="9"/>
      <line num="328" type="stmt" count="10"/>
      <line num="331" type="method" name="getColumns" visibility="protected" complexity="3" crap="3.04" count="10"/>
      <line num="333" type="stmt" count="10"/>
      <line num="334" type="stmt" count="0"/>
      <line num="337" type="stmt" count="10"/>
      <line num="338" type="stmt" count="10"/>
      <line num="339" type="stmt" count="10"/>
      <line num="342" type="stmt" count="10"/>
      <line num="345" type="method" name="getModifiers" visibility="protected" complexity="2" crap="2" count="19"/>
      <line num="347" type="stmt" count="19"/>
      <line num="348" type="stmt" count="17"/>
      <line num="351" type="stmt" count="3"/>
      <line num="354" type="method" name="getFrom" visibility="protected" complexity="1" crap="1" count="14"/>
      <line num="356" type="stmt" count="14"/>
      <line num="362" type="method" name="getJoin" visibility="protected" complexity="3" crap="3" count="14"/>
      <line num="364" type="stmt" count="14"/>
      <line num="365" type="stmt" count="13"/>
      <line num="368" type="stmt" count="2"/>
      <line num="369" type="stmt" count="2"/>
      <line num="370" type="stmt" count="2"/>
      <line num="373" type="stmt" count="2"/>
      <line num="376" type="method" name="getWhere" visibility="protected" complexity="3" crap="3" count="14"/>
      <line num="378" type="stmt" count="14"/>
      <line num="379" type="stmt" count="12"/>
      <line num="382" type="stmt" count="3"/>
      <line num="383" type="stmt" count="3"/>
      <line num="384" type="stmt" count="3"/>
      <line num="387" type="stmt" count="3"/>
      <line num="390" type="method" name="getGroupBy" visibility="protected" complexity="3" crap="3" count="14"/>
      <line num="392" type="stmt" count="14"/>
      <line num="393" type="stmt" count="13"/>
      <line num="396" type="stmt" count="2"/>
      <line num="397" type="stmt" count="2"/>
      <line num="398" type="stmt" count="2"/>
      <line num="401" type="stmt" count="2"/>
      <line num="404" type="method" name="getHaving" visibility="protected" complexity="3" crap="3" count="14"/>
      <line num="406" type="stmt" count="14"/>
      <line num="407" type="stmt" count="13"/>
      <line num="410" type="stmt" count="2"/>
      <line num="411" type="stmt" count="2"/>
      <line num="412" type="stmt" count="2"/>
      <line num="415" type="stmt" count="2"/>
      <line num="418" type="method" name="getOrderBy" visibility="protected" complexity="3" crap="3" count="14"/>
      <line num="420" type="stmt" count="14"/>
      <line num="421" type="stmt" count="13"/>
      <line num="424" type="stmt" count="2"/>
      <line num="425" type="stmt" count="2"/>
      <line num="426" type="stmt" count="2"/>
      <line num="429" type="stmt" count="2"/>
      <line num="432" type="method" name="getLimit" visibility="protected" complexity="3" crap="3" count="7"/>
      <line num="434" type="stmt" count="7"/>
      <line num="435" type="stmt" count="7"/>
      <line num="436" type="stmt" count="1"/>
      <line num="438" type="stmt" count="7"/>
      <line num="439" type="stmt" count="1"/>
      <line num="442" type="stmt" count="7"/>
      <line num="448" type="method" name="getParams" visibility="public" complexity="6" crap="7.33" count="2"/>
      <line num="450" type="stmt" count="2"/>
      <line num="452" type="stmt" count="2"/>
      <line num="453" type="stmt" count="0"/>
      <line num="456" type="stmt" count="2"/>
      <line num="457" type="stmt" count="0"/>
      <line num="460" type="stmt" count="2"/>
      <line num="461" type="stmt" count="1"/>
      <line num="464" type="stmt" count="2"/>
      <line num="465" type="stmt" count="0"/>
      <line num="468" type="stmt" count="2"/>
      <line num="469" type="stmt" count="0"/>
      <line num="472" type="stmt" count="2"/>
      <metrics loc="474" ncloc="367" classes="1" methods="28" coveredmethods="22" conditionals="0" coveredconditionals="0" statements="131" coveredstatements="114" elements="159" coveredelements="136"/>
    </file>
    <file name="/home/runner/work/qb/qb/src/Generic/Statement/SelectTest.php">
      <class name="QB\Generic\Statement\SelectTest" namespace="global">
        <metrics complexity="7" methods="7" coveredmethods="6" conditionals="0" coveredconditionals="0" statements="42" coveredstatements="41" elements="49" coveredelements="47"/>
      </class>
      <line num="16" type="method" name="testSelectThrowsAnExceptionIfNotInitialized" visibility="public" complexity="1" crap="1.04" count="2"/>
      <line num="18" type="stmt" count="2"/>
      <line num="20" type="stmt" count="2"/>
      <line num="21" type="stmt" count="0"/>
      <line num="23" type="method" name="testSelectConstant" visibility="public" complexity="1" crap="1" count="2"/>
      <line num="25" type="stmt" count="2"/>
      <line num="27" type="stmt" count="2"/>
      <line num="28" type="stmt" count="2"/>
      <line num="30" type="method" name="testSelectExpressions" visibility="public" complexity="1" crap="1" count="2"/>
      <line num="32" type="stmt" count="2"/>
      <line num="34" type="stmt" count="2"/>
      <line num="35" type="stmt" count="2"/>
      <line num="37" type="method" name="testSelectFromTwoTables" visibility="public" complexity="1" crap="1" count="2"/>
      <line num="39" type="stmt" count="2"/>
      <line num="41" type="stmt" count="2"/>
      <line num="43" type="stmt" count="2"/>
      <line num="44" type="stmt" count="2"/>
      <line num="46" type="method" name="testSelectFromTwoTablesWithOneAlias" visibility="public" complexity="1" crap="1" count="2"/>
      <line num="48" type="stmt" count="2"/>
      <line num="50" type="stmt" count="2"/>
      <line num="52" type="stmt" count="2"/>
      <line num="53" type="stmt" count="2"/>
      <line num="55" type="method" name="testSelectComplex" visibility="public" complexity="1" crap="1" count="1"/>
      <line num="57" type="stmt" count="1"/>
      <line num="58" type="stmt" count="1"/>
      <line num="59" type="stmt" count="1"/>
      <line num="60" type="stmt" count="1"/>
      <line num="61" type="stmt" count="1"/>
      <line num="62" type="stmt" count="1"/>
      <line num="63" type="stmt" count="1"/>
      <line num="64" type="stmt" count="1"/>
      <line num="65" type="stmt" count="1"/>
      <line num="66" type="stmt" count="1"/>
      <line num="67" type="stmt" count="1"/>
      <line num="69" type="stmt" count="1"/>
      <line num="70" type="stmt" count="1"/>
      <line num="71" type="stmt" count="1"/>
      <line num="72" type="stmt" count="1"/>
      <line num="73" type="stmt" count="1"/>
      <line num="74" type="stmt" count="1"/>
      <line num="75" type="stmt" count="1"/>
      <line num="76" type="stmt" count="1"/>
      <line num="77" type="stmt" count="1"/>
      <line num="78" type="stmt" count="1"/>
      <line num="80" type="stmt" count="1"/>
      <line num="82" type="stmt" count="1"/>
      <line num="83" type="stmt" count="1"/>
      <line num="90" type="method" name="getSut" visibility="protected" complexity="1" crap="1" count="6"/>
      <line num="92" type="stmt" count="6"/>
      <metrics loc="94" ncloc="86" classes="1" methods="7" coveredmethods="6" conditionals="0" coveredconditionals="0" statements="42" coveredstatements="41" elements="49" coveredelements="47"/>
    </file>
    <file name="/home/runner/work/qb/qb/src/Generic/Statement/Truncate.php">
      <class name="QB\Generic\Statement\Truncate" namespace="global">
        <metrics complexity="6" methods="5" coveredmethods="3" conditionals="0" coveredconditionals="0" statements="8" coveredstatements="6" elements="13" coveredelements="9"/>
      </class>
      <line num="19" type="method" name="addFrom" visibility="public" complexity="1" crap="1" count="4"/>
      <line num="21" type="stmt" count="4"/>
      <line num="23" type="stmt" count="4"/>
      <line num="29" type="method" name="__toString" visibility="public" complexity="2" crap="2.15" count="4"/>
      <line num="31" type="stmt" count="4"/>
      <line num="32" type="stmt" count="0"/>
      <line num="35" type="stmt" count="4"/>
      <line num="38" type="method" name="isValid" visibility="public" complexity="1" crap="1" count="4"/>
      <line num="40" type="stmt" count="4"/>
      <line num="43" type="method" name="truncate" visibility="protected" complexity="1" crap="1" count="4"/>
      <line num="45" type="stmt" count="4"/>
      <line num="51" type="method" name="getParams" visibility="public" complexity="1" crap="2" count="0"/>
      <line num="53" type="stmt" count="0"/>
      <metrics loc="55" ncloc="43" classes="1" methods="5" coveredmethods="3" conditionals="0" coveredconditionals="0" statements="8" coveredstatements="6" elements="13" coveredelements="9"/>
    </file>
    <file name="/home/runner/work/qb/qb/src/Generic/Statement/TruncateTest.php">
      <class name="QB\Generic\Statement\TruncateTest" namespace="global">
        <metrics complexity="2" methods="2" coveredmethods="2" conditionals="0" coveredconditionals="0" statements="7" coveredstatements="7" elements="9" coveredelements="9"/>
      </class>
      <line num="11" type="method" name="testTruncateSimple" visibility="public" complexity="1" crap="1" count="1"/>
      <line num="13" type="stmt" count="1"/>
      <line num="15" type="stmt" count="1"/>
      <line num="16" type="stmt" count="1"/>
      <line num="18" type="stmt" count="1"/>
      <line num="20" type="stmt" count="1"/>
      <line num="21" type="stmt" count="1"/>
      <line num="28" type="method" name="getSut" visibility="protected" complexity="1" crap="1" count="1"/>
      <line num="30" type="stmt" count="1"/>
      <metrics loc="32" ncloc="27" classes="1" methods="2" coveredmethods="2" conditionals="0" coveredconditionals="0" statements="7" coveredstatements="7" elements="9" coveredelements="9"/>
    </file>
    <file name="/home/runner/work/qb/qb/src/Generic/Statement/Update.php">
      <class name="QB\Generic\Statement\Update" namespace="global">
        <metrics complexity="22" methods="12" coveredmethods="7" conditionals="0" coveredconditionals="0" statements="44" coveredstatements="35" elements="56" coveredelements="42"/>
      </class>
      <line num="30" type="method" name="addFrom" visibility="public" complexity="1" crap="1" count="5"/>
      <line num="32" type="stmt" count="5"/>
      <line num="34" type="stmt" count="5"/>
      <line num="42" type="method" name="addModifier" visibility="public" complexity="1" crap="2" count="0"/>
      <line num="44" type="stmt" count="0"/>
      <line num="46" type="stmt" count="0"/>
      <line num="54" type="method" name="setValues" visibility="public" complexity="1" crap="1" count="5"/>
      <line num="56" type="stmt" count="5"/>
      <line num="58" type="stmt" count="5"/>
      <line num="66" type="method" name="addWhere" visibility="public" complexity="3" crap="3" count="5"/>
      <line num="68" type="stmt" count="5"/>
      <line num="69" type="stmt" count="5"/>
      <line num="71" type="stmt" count="5"/>
      <line num="74" type="stmt" count="5"/>
      <line num="80" type="method" name="__toString" visibility="public" complexity="2" crap="2.01" count="5"/>
      <line num="82" type="stmt" count="5"/>
      <line num="83" type="stmt" count="0"/>
      <line num="86" type="stmt" count="5"/>
      <line num="88" type="stmt" count="5"/>
      <line num="89" type="stmt" count="5"/>
      <line num="90" type="stmt" count="5"/>
      <line num="91" type="stmt" count="5"/>
      <line num="94" type="stmt" count="5"/>
      <line num="96" type="stmt" count="5"/>
      <line num="99" type="method" name="isValid" visibility="public" complexity="3" crap="3" count="5"/>
      <line num="101" type="stmt" count="5"/>
      <line num="104" type="method" name="update" visibility="protected" complexity="1" crap="1" count="5"/>
      <line num="106" type="stmt" count="5"/>
      <line num="107" type="stmt" count="5"/>
      <line num="108" type="stmt" count="5"/>
      <line num="109" type="stmt" count="5"/>
      <line num="111" type="stmt" count="5"/>
      <line num="113" type="stmt" count="5"/>
      <line num="116" type="method" name="getModifiers" visibility="protected" complexity="2" crap="2" count="5"/>
      <line num="118" type="stmt" count="5"/>
      <line num="119" type="stmt" count="4"/>
      <line num="122" type="stmt" count="1"/>
      <line num="125" type="method" name="values" visibility="protected" complexity="2" crap="2" count="5"/>
      <line num="127" type="stmt" count="5"/>
      <line num="128" type="stmt" count="5"/>
      <line num="129" type="stmt" count="5"/>
      <line num="132" type="stmt" count="5"/>
      <line num="135" type="method" name="where" visibility="protected" complexity="3" crap="3.04" count="5"/>
      <line num="137" type="stmt" count="5"/>
      <line num="138" type="stmt" count="0"/>
      <line num="141" type="stmt" count="5"/>
      <line num="142" type="stmt" count="5"/>
      <line num="143" type="stmt" count="5"/>
      <line num="146" type="stmt" count="5"/>
      <line num="152" type="method" name="getParams" visibility="public" complexity="2" crap="6" count="0"/>
      <line num="154" type="stmt" count="0"/>
      <line num="156" type="stmt" count="0"/>
      <line num="157" type="stmt" count="0"/>
      <line num="160" type="stmt" count="0"/>
      <line num="166" type="method" name="getValues" visibility="public" complexity="1" crap="2" count="0"/>
      <line num="168" type="stmt" count="0"/>
      <metrics loc="170" ncloc="137" classes="1" methods="12" coveredmethods="7" conditionals="0" coveredconditionals="0" statements="44" coveredstatements="35" elements="56" coveredelements="42"/>
    </file>
    <file name="/home/runner/work/qb/qb/src/Generic/Statement/UpdateTest.php">
      <class name="QB\Generic\Statement\UpdateTest" namespace="global">
        <metrics complexity="2" methods="2" coveredmethods="2" conditionals="0" coveredconditionals="0" statements="11" coveredstatements="11" elements="13" coveredelements="13"/>
      </class>
      <line num="12" type="method" name="testUpdateSimple" visibility="public" complexity="1" crap="1" count="1"/>
      <line num="14" type="stmt" count="1"/>
      <line num="15" type="stmt" count="1"/>
      <line num="16" type="stmt" count="1"/>
      <line num="18" type="stmt" count="1"/>
      <line num="19" type="stmt" count="1"/>
      <line num="20" type="stmt" count="1"/>
      <line num="21" type="stmt" count="1"/>
      <line num="23" type="stmt" count="1"/>
      <line num="25" type="stmt" count="1"/>
      <line num="26" type="stmt" count="1"/>
      <line num="33" type="method" name="getSut" visibility="protected" complexity="1" crap="1" count="1"/>
      <line num="35" type="stmt" count="1"/>
      <metrics loc="37" ncloc="32" classes="1" methods="2" coveredmethods="2" conditionals="0" coveredconditionals="0" statements="11" coveredstatements="11" elements="13" coveredelements="13"/>
    </file>
    <file name="/home/runner/work/qb/qb/src/Generic/Template/Template.php">
      <class name="QB\Generic\Template\Template" namespace="global">
        <metrics complexity="5" methods="3" coveredmethods="3" conditionals="0" coveredconditionals="0" statements="11" coveredstatements="11" elements="14" coveredelements="14"/>
      </class>
      <line num="16" type="method" name="__construct" visibility="public" complexity="1" crap="1" count="2"/>
      <line num="18" type="stmt" count="2"/>
      <line num="19" type="stmt" count="2"/>
      <line num="20" type="stmt" count="2"/>
      <line num="22" type="method" name="__toString" visibility="public" complexity="2" crap="2" count="1"/>
      <line num="24" type="stmt" count="1"/>
      <line num="25" type="stmt" count="1"/>
      <line num="26" type="stmt" count="1"/>
      <line num="29" type="stmt" count="1"/>
      <line num="32" type="method" name="getParams" visibility="public" complexity="2" crap="2" count="1"/>
      <line num="34" type="stmt" count="1"/>
      <line num="35" type="stmt" count="1"/>
      <line num="36" type="stmt" count="1"/>
      <line num="39" type="stmt" count="1"/>
      <metrics loc="41" ncloc="40" classes="1" methods="3" coveredmethods="3" conditionals="0" coveredconditionals="0" statements="11" coveredstatements="11" elements="14" coveredelements="14"/>
    </file>
    <file name="/home/runner/work/qb/qb/src/Generic/Template/TemplateTest.php">
      <class name="QB\Generic\Template\TemplateTest" namespace="global">
        <metrics complexity="2" methods="2" coveredmethods="2" conditionals="0" coveredconditionals="0" statements="13" coveredstatements="13" elements="15" coveredelements="15"/>
      </class>
      <line num="12" type="method" name="testToString" visibility="public" complexity="1" crap="1" count="1"/>
      <line num="14" type="stmt" count="1"/>
      <line num="16" type="stmt" count="1"/>
      <line num="18" type="stmt" count="1"/>
      <line num="20" type="stmt" count="1"/>
      <line num="21" type="stmt" count="1"/>
      <line num="23" type="method" name="testGetParams" visibility="public" complexity="1" crap="1" count="1"/>
      <line num="25" type="stmt" count="1"/>
      <line num="27" type="stmt" count="1"/>
      <line num="28" type="stmt" count="1"/>
      <line num="29" type="stmt" count="1"/>
      <line num="31" type="stmt" count="1"/>
      <line num="33" type="stmt" count="1"/>
      <line num="35" type="stmt" count="1"/>
      <line num="36" type="stmt" count="1"/>
      <metrics loc="37" ncloc="37" classes="1" methods="2" coveredmethods="2" conditionals="0" coveredconditionals="0" statements="13" coveredstatements="13" elements="15" coveredelements="15"/>
    </file>
    <file name="/home/runner/work/qb/qb/src/MySQL/Factory/Factory.php">
      <class name="QB\MySQL\Factory\Factory" namespace="global">
        <metrics complexity="1" methods="1" coveredmethods="1" conditionals="0" coveredconditionals="0" statements="1" coveredstatements="1" elements="2" coveredelements="2"/>
      </class>
      <line num="16" type="method" name="select" visibility="public" complexity="1" crap="1" count="1"/>
      <line num="18" type="stmt" count="1"/>
      <metrics loc="20" ncloc="17" classes="1" methods="1" coveredmethods="1" conditionals="0" coveredconditionals="0" statements="1" coveredstatements="1" elements="2" coveredelements="2"/>
    </file>
    <file name="/home/runner/work/qb/qb/src/MySQL/Factory/FactoryTest.php">
      <class name="QB\MySQL\Factory\FactoryTest" namespace="global">
        <metrics complexity="2" methods="2" coveredmethods="2" conditionals="0" coveredconditionals="0" statements="6" coveredstatements="6" elements="8" coveredelements="8"/>
      </class>
      <line num="16" type="method" name="setUp" visibility="public" complexity="1" crap="1" count="5"/>
      <line num="18" type="stmt" count="5"/>
      <line num="19" type="stmt" count="5"/>
      <line num="21" type="method" name="testSelect" visibility="public" complexity="1" crap="1" count="1"/>
      <line num="23" type="stmt" count="1"/>
      <line num="25" type="stmt" count="1"/>
      <line num="26" type="stmt" count="1"/>
      <line num="27" type="stmt" count="1"/>
      <metrics loc="28" ncloc="27" classes="1" methods="2" coveredmethods="2" conditionals="0" coveredconditionals="0" statements="6" coveredstatements="6" elements="8" coveredelements="8"/>
    </file>
    <file name="/home/runner/work/qb/qb/src/MySQL/Statement/Delete.php">
      <class name="QB\MySQL\Statement\Delete" namespace="global">
        <metrics complexity="13" methods="6" coveredmethods="4" conditionals="0" coveredconditionals="0" statements="30" coveredstatements="24" elements="36" coveredelements="28"/>
      </class>
      <line num="28" type="method" name="addModifier" visibility="public" complexity="5" crap="7.35" count="1"/>
      <line num="30" type="stmt" count="1"/>
      <line num="32" type="stmt" count="1"/>
      <line num="33" type="stmt" count="0"/>
      <line num="34" type="stmt" count="0"/>
      <line num="35" type="stmt" count="1"/>
      <line num="36" type="stmt" count="1"/>
      <line num="37" type="stmt" count="1"/>
      <line num="38" type="stmt" count="0"/>
      <line num="39" type="stmt" count="0"/>
      <line num="40" type="stmt" count="0"/>
      <line num="44" type="stmt" count="1"/>
      <line num="53" type="method" name="addOrderBy" visibility="public" complexity="1" crap="1" count="1"/>
      <line num="55" type="stmt" count="1"/>
      <line num="57" type="stmt" count="1"/>
      <line num="65" type="method" name="setLimit" visibility="public" complexity="1" crap="1" count="1"/>
      <line num="67" type="stmt" count="1"/>
      <line num="69" type="stmt" count="1"/>
      <line num="75" type="method" name="__toString" visibility="public" complexity="1" crap="1" count="1"/>
      <line num="77" type="stmt" count="1"/>
      <line num="78" type="stmt" count="1"/>
      <line num="79" type="stmt" count="1"/>
      <line num="80" type="stmt" count="1"/>
      <line num="83" type="stmt" count="1"/>
      <line num="86" type="method" name="getOrderBy" visibility="protected" complexity="3" crap="3.04" count="1"/>
      <line num="88" type="stmt" count="1"/>
      <line num="89" type="stmt" count="0"/>
      <line num="92" type="stmt" count="1"/>
      <line num="93" type="stmt" count="1"/>
      <line num="94" type="stmt" count="1"/>
      <line num="97" type="stmt" count="1"/>
      <line num="100" type="method" name="getLimit" visibility="protected" complexity="2" crap="2" count="1"/>
      <line num="102" type="stmt" count="1"/>
      <line num="103" type="stmt" count="1"/>
      <line num="104" type="stmt" count="1"/>
      <line num="107" type="stmt" count="1"/>
      <metrics loc="109" ncloc="88" classes="1" methods="6" coveredmethods="4" conditionals="0" coveredconditionals="0" statements="30" coveredstatements="24" elements="36" coveredelements="28"/>
    </file>
    <file name="/home/runner/work/qb/qb/src/MySQL/Statement/DeleteTest.php">
      <class name="QB\MySQL\Statement\DeleteTest" namespace="global">
        <metrics complexity="2" methods="2" coveredmethods="2" conditionals="0" coveredconditionals="0" statements="14" coveredstatements="14" elements="16" coveredelements="16"/>
      </class>
      <line num="13" type="method" name="testDeleteSimple" visibility="public" complexity="1" crap="1" count="1"/>
      <line num="15" type="stmt" count="1"/>
      <line num="16" type="stmt" count="1"/>
      <line num="17" type="stmt" count="1"/>
      <line num="18" type="stmt" count="1"/>
      <line num="19" type="stmt" count="1"/>
      <line num="21" type="stmt" count="1"/>
      <line num="22" type="stmt" count="1"/>
      <line num="23" type="stmt" count="1"/>
      <line num="24" type="stmt" count="1"/>
      <line num="25" type="stmt" count="1"/>
      <line num="27" type="stmt" count="1"/>
      <line num="29" type="stmt" count="1"/>
      <line num="30" type="stmt" count="1"/>
      <line num="37" type="method" name="getSut" visibility="protected" complexity="1" crap="1" count="1"/>
      <line num="39" type="stmt" count="1"/>
      <metrics loc="41" ncloc="36" classes="1" methods="2" coveredmethods="2" conditionals="0" coveredconditionals="0" statements="14" coveredstatements="14" elements="16" coveredelements="16"/>
    </file>
    <file name="/home/runner/work/qb/qb/src/MySQL/Statement/Insert.php">
      <class name="QB\MySQL\Statement\Insert" namespace="global">
        <metrics complexity="15" methods="6" coveredmethods="5" conditionals="0" coveredconditionals="0" statements="22" coveredstatements="19" elements="28" coveredelements="24"/>
      </class>
      <line num="29" type="method" name="addModifier" visibility="public" complexity="6" crap="6.97" count="1"/>
      <line num="31" type="stmt" count="1"/>
      <line num="33" type="stmt" count="1"/>
      <line num="34" type="stmt" count="1"/>
      <line num="35" type="stmt" count="1"/>
      <line num="36" type="stmt" count="1"/>
      <line num="37" type="stmt" count="1"/>
      <line num="38" type="stmt" count="0"/>
      <line num="39" type="stmt" count="0"/>
      <line num="40" type="stmt" count="0"/>
      <line num="44" type="stmt" count="1"/>
      <line num="52" type="method" name="setOnDuplicateKeyUpdate" visibility="public" complexity="1" crap="1" count="1"/>
      <line num="54" type="stmt" count="1"/>
      <line num="56" type="stmt" count="1"/>
      <line num="64" type="method" name="setSelect" visibility="public" complexity="1" crap="1" count="1"/>
      <line num="66" type="stmt" count="1"/>
      <line num="68" type="stmt" count="1"/>
      <line num="74" type="method" name="__toString" visibility="public" complexity="2" crap="2" count="4"/>
      <line num="76" type="stmt" count="4"/>
      <line num="78" type="stmt" count="4"/>
      <line num="79" type="stmt" count="1"/>
      <line num="82" type="stmt" count="4"/>
      <line num="85" type="method" name="isValid" visibility="public" complexity="3" crap="3" count="4"/>
      <line num="87" type="stmt" count="4"/>
      <line num="90" type="method" name="values" visibility="protected" complexity="2" crap="2" count="4"/>
      <line num="92" type="stmt" count="4"/>
      <line num="93" type="stmt" count="1"/>
      <line num="96" type="stmt" count="3"/>
      <metrics loc="98" ncloc="79" classes="1" methods="6" coveredmethods="5" conditionals="0" coveredconditionals="0" statements="22" coveredstatements="19" elements="28" coveredelements="24"/>
    </file>
    <file name="/home/runner/work/qb/qb/src/MySQL/Statement/InsertTest.php">
      <class name="QB\MySQL\Statement\InsertTest" namespace="global">
        <metrics complexity="3" methods="3" coveredmethods="3" conditionals="0" coveredconditionals="0" statements="22" coveredstatements="22" elements="25" coveredelements="25"/>
      </class>
      <line num="13" type="method" name="testOnDuplicateKeyUpdate" visibility="public" complexity="1" crap="1" count="1"/>
      <line num="15" type="stmt" count="1"/>
      <line num="16" type="stmt" count="1"/>
      <line num="17" type="stmt" count="1"/>
      <line num="18" type="stmt" count="1"/>
      <line num="20" type="stmt" count="1"/>
      <line num="21" type="stmt" count="1"/>
      <line num="22" type="stmt" count="1"/>
      <line num="23" type="stmt" count="1"/>
      <line num="25" type="stmt" count="1"/>
      <line num="27" type="stmt" count="1"/>
      <line num="28" type="stmt" count="1"/>
      <line num="30" type="method" name="testInsertSelect" visibility="public" complexity="1" crap="1" count="1"/>
      <line num="32" type="stmt" count="1"/>
      <line num="33" type="stmt" count="1"/>
      <line num="35" type="stmt" count="1"/>
      <line num="36" type="stmt" count="1"/>
      <line num="38" type="stmt" count="1"/>
      <line num="39" type="stmt" count="1"/>
      <line num="40" type="stmt" count="1"/>
      <line num="42" type="stmt" count="1"/>
      <line num="44" type="stmt" count="1"/>
      <line num="45" type="stmt" count="1"/>
      <line num="52" type="method" name="getSut" visibility="protected" complexity="1" crap="1" count="4"/>
      <line num="54" type="stmt" count="4"/>
      <metrics loc="56" ncloc="51" classes="1" methods="3" coveredmethods="3" conditionals="0" coveredconditionals="0" statements="22" coveredstatements="22" elements="25" coveredelements="25"/>
    </file>
    <file name="/home/runner/work/qb/qb/src/MySQL/Statement/Select.php">
      <class name="QB\MySQL\Statement\Select" namespace="global">
        <metrics complexity="52" methods="16" coveredmethods="8" conditionals="0" coveredconditionals="0" statements="102" coveredstatements="78" elements="118" coveredelements="86"/>
      </class>
      <line num="55" type="method" name="addModifier" visibility="public" complexity="12" crap="23.34" count="2"/>
      <line num="57" type="stmt" count="2"/>
      <line num="59" type="stmt" count="2"/>
      <line num="60" type="stmt" count="2"/>
      <line num="61" type="stmt" count="1"/>
      <line num="62" type="stmt" count="2"/>
      <line num="63" type="stmt" count="2"/>
      <line num="64" type="stmt" count="1"/>
      <line num="65" type="stmt" count="0"/>
      <line num="66" type="stmt" count="0"/>
      <line num="67" type="stmt" count="1"/>
      <line num="68" type="stmt" count="0"/>
      <line num="69" type="stmt" count="0"/>
      <line num="70" type="stmt" count="1"/>
      <line num="71" type="stmt" count="0"/>
      <line num="72" type="stmt" count="0"/>
      <line num="73" type="stmt" count="1"/>
      <line num="74" type="stmt" count="0"/>
      <line num="75" type="stmt" count="0"/>
      <line num="76" type="stmt" count="1"/>
      <line num="77" type="stmt" count="0"/>
      <line num="78" type="stmt" count="0"/>
      <line num="79" type="stmt" count="1"/>
      <line num="80" type="stmt" count="0"/>
      <line num="81" type="stmt" count="0"/>
      <line num="82" type="stmt" count="1"/>
      <line num="83" type="stmt" count="1"/>
      <line num="84" type="stmt" count="1"/>
      <line num="88" type="stmt" count="2"/>
      <line num="94" type="method" name="setGroupWithRollup" visibility="public" complexity="1" crap="1" count="1"/>
      <line num="96" type="stmt" count="1"/>
      <line num="98" type="stmt" count="1"/>
      <line num="106" type="method" name="setOuterOffset" visibility="public" complexity="1" crap="2" count="0"/>
      <line num="108" type="stmt" count="0"/>
      <line num="110" type="stmt" count="0"/>
      <line num="118" type="method" name="setOuterLimit" visibility="public" complexity="1" crap="1" count="1"/>
      <line num="120" type="stmt" count="1"/>
      <line num="122" type="stmt" count="1"/>
      <line num="131" type="method" name="addOuterOrderBy" visibility="public" complexity="1" crap="2" count="0"/>
      <line num="133" type="stmt" count="0"/>
      <line num="135" type="stmt" count="0"/>
      <line num="143" type="method" name="addLock" visibility="public" complexity="6" crap="6.04" count="1"/>
      <line num="145" type="stmt" count="1"/>
      <line num="147" type="stmt" count="1"/>
      <line num="148" type="stmt" count="1"/>
      <line num="149" type="stmt" count="1"/>
      <line num="150" type="stmt" count="1"/>
      <line num="151" type="stmt" count="1"/>
      <line num="152" type="stmt" count="0"/>
      <line num="153" type="stmt" count="1"/>
      <line num="154" type="stmt" count="1"/>
      <line num="158" type="stmt" count="1"/>
      <line num="166" type="method" name="addUnion" visibility="public" complexity="1" crap="1" count="3"/>
      <line num="168" type="stmt" count="3"/>
      <line num="170" type="stmt" count="3"/>
      <line num="178" type="method" name="addOuterLock" visibility="public" complexity="6" crap="6.04" count="1"/>
      <line num="180" type="stmt" count="1"/>
      <line num="182" type="stmt" count="1"/>
      <line num="183" type="stmt" count="1"/>
      <line num="184" type="stmt" count="1"/>
      <line num="185" type="stmt" count="1"/>
      <line num="186" type="stmt" count="1"/>
      <line num="187" type="stmt" count="0"/>
      <line num="188" type="stmt" count="1"/>
      <line num="189" type="stmt" count="1"/>
      <line num="193" type="stmt" count="1"/>
      <line num="196" type="method" name="__toString" visibility="public" complexity="5" crap="5" count="11"/>
      <line num="198" type="stmt" count="11"/>
      <line num="199" type="stmt" count="11"/>
      <line num="200" type="stmt" count="10"/>
      <line num="201" type="stmt" count="10"/>
      <line num="204" type="stmt" count="10"/>
      <line num="206" type="stmt" count="10"/>
      <line num="209" type="stmt" count="10"/>
      <line num="210" type="stmt" count="10"/>
      <line num="212" type="stmt" count="10"/>
      <line num="215" type="stmt" count="2"/>
      <line num="216" type="stmt" count="2"/>
      <line num="217" type="stmt" count="2"/>
      <line num="218" type="stmt" count="2"/>
      <line num="219" type="stmt" count="2"/>
      <line num="222" type="stmt" count="2"/>
      <line num="224" type="stmt" count="2"/>
      <line num="227" type="method" name="getGroupBy" visibility="protected" complexity="3" crap="3" count="7"/>
      <line num="229" type="stmt" count="7"/>
      <line num="231" type="stmt" count="7"/>
      <line num="232" type="stmt" count="1"/>
      <line num="235" type="stmt" count="7"/>
      <line num="238" type="method" name="getLimit" visibility="protected" complexity="4" crap="4.07" count="7"/>
      <line num="240" type="stmt" count="7"/>
      <line num="241" type="stmt" count="7"/>
      <line num="242" type="stmt" count="1"/>
      <line num="243" type="stmt" count="7"/>
      <line num="244" type="stmt" count="0"/>
      <line num="247" type="stmt" count="7"/>
      <line num="250" type="method" name="getLocks" visibility="protected" complexity="1" crap="1" count="10"/>
      <line num="252" type="stmt" count="10"/>
      <line num="255" type="method" name="getUnion" visibility="public" complexity="2" crap="2" count="10"/>
      <line num="257" type="stmt" count="10"/>
      <line num="258" type="stmt" count="10"/>
      <line num="259" type="stmt" count="3"/>
      <line num="262" type="stmt" count="10"/>
      <line num="265" type="method" name="getOuterOrderBy" visibility="protected" complexity="3" crap="5.67" count="2"/>
      <line num="267" type="stmt" count="2"/>
      <line num="268" type="stmt" count="2"/>
      <line num="271" type="stmt" count="0"/>
      <line num="272" type="stmt" count="0"/>
      <line num="273" type="stmt" count="0"/>
      <line num="276" type="stmt" count="0"/>
      <line num="279" type="method" name="getOuterLimit" visibility="protected" complexity="4" crap="4.07" count="2"/>
      <line num="281" type="stmt" count="2"/>
      <line num="282" type="stmt" count="2"/>
      <line num="283" type="stmt" count="0"/>
      <line num="284" type="stmt" count="2"/>
      <line num="285" type="stmt" count="1"/>
      <line num="288" type="stmt" count="2"/>
      <line num="291" type="method" name="getOuterLocks" visibility="protected" complexity="1" crap="1" count="2"/>
      <line num="293" type="stmt" count="2"/>
      <metrics loc="295" ncloc="247" classes="1" methods="16" coveredmethods="8" conditionals="0" coveredconditionals="0" statements="102" coveredstatements="78" elements="118" coveredelements="86"/>
    </file>
    <file name="/home/runner/work/qb/qb/src/MySQL/Statement/SelectTest.php">
      <class name="QB\MySQL\Statement\SelectTest" namespace="global">
        <metrics complexity="5" methods="5" coveredmethods="5" conditionals="0" coveredconditionals="0" statements="83" coveredstatements="83" elements="88" coveredelements="88"/>
      </class>
      <line num="15" type="method" name="testSelectModifiers" visibility="public" complexity="1" crap="1" count="1"/>
      <line num="17" type="stmt" count="1"/>
      <line num="18" type="stmt" count="1"/>
      <line num="19" type="stmt" count="1"/>
      <line num="20" type="stmt" count="1"/>
      <line num="22" type="stmt" count="1"/>
      <line num="23" type="stmt" count="1"/>
      <line num="24" type="stmt" count="1"/>
      <line num="26" type="stmt" count="1"/>
      <line num="28" type="stmt" count="1"/>
      <line num="29" type="stmt" count="1"/>
      <line num="31" type="method" name="testSelectWithOuterLimits" visibility="public" complexity="1" crap="1" count="1"/>
      <line num="33" type="stmt" count="1"/>
      <line num="34" type="stmt" count="1"/>
      <line num="36" type="stmt" count="1"/>
      <line num="37" type="stmt" count="1"/>
      <line num="38" type="stmt" count="1"/>
      <line num="39" type="stmt" count="1"/>
      <line num="40" type="stmt" count="1"/>
      <line num="42" type="stmt" count="1"/>
      <line num="43" type="stmt" count="1"/>
      <line num="44" type="stmt" count="1"/>
      <line num="45" type="stmt" count="1"/>
      <line num="46" type="stmt" count="1"/>
      <line num="47" type="stmt" count="1"/>
      <line num="48" type="stmt" count="1"/>
      <line num="50" type="stmt" count="1"/>
      <line num="52" type="stmt" count="1"/>
      <line num="53" type="stmt" count="1"/>
      <line num="55" type="method" name="testSelectWithOuterLock" visibility="public" complexity="1" crap="1" count="1"/>
      <line num="57" type="stmt" count="1"/>
      <line num="58" type="stmt" count="1"/>
      <line num="60" type="stmt" count="1"/>
      <line num="61" type="stmt" count="1"/>
      <line num="62" type="stmt" count="1"/>
      <line num="63" type="stmt" count="1"/>
      <line num="64" type="stmt" count="1"/>
      <line num="66" type="stmt" count="1"/>
      <line num="67" type="stmt" count="1"/>
      <line num="68" type="stmt" count="1"/>
      <line num="69" type="stmt" count="1"/>
      <line num="70" type="stmt" count="1"/>
      <line num="71" type="stmt" count="1"/>
      <line num="72" type="stmt" count="1"/>
      <line num="74" type="stmt" count="1"/>
      <line num="76" type="stmt" count="1"/>
      <line num="77" type="stmt" count="1"/>
      <line num="79" type="method" name="testSelectComplex" visibility="public" complexity="1" crap="1" count="1"/>
      <line num="81" type="stmt" count="1"/>
      <line num="82" type="stmt" count="1"/>
      <line num="83" type="stmt" count="1"/>
      <line num="85" type="stmt" count="1"/>
      <line num="87" type="stmt" count="1"/>
      <line num="88" type="stmt" count="1"/>
      <line num="90" type="stmt" count="1"/>
      <line num="91" type="stmt" count="1"/>
      <line num="92" type="stmt" count="1"/>
      <line num="93" type="stmt" count="1"/>
      <line num="94" type="stmt" count="1"/>
      <line num="95" type="stmt" count="1"/>
      <line num="96" type="stmt" count="1"/>
      <line num="97" type="stmt" count="1"/>
      <line num="98" type="stmt" count="1"/>
      <line num="99" type="stmt" count="1"/>
      <line num="100" type="stmt" count="1"/>
      <line num="101" type="stmt" count="1"/>
      <line num="102" type="stmt" count="1"/>
      <line num="103" type="stmt" count="1"/>
      <line num="104" type="stmt" count="1"/>
      <line num="105" type="stmt" count="1"/>
      <line num="107" type="stmt" count="1"/>
      <line num="108" type="stmt" count="1"/>
      <line num="109" type="stmt" count="1"/>
      <line num="110" type="stmt" count="1"/>
      <line num="111" type="stmt" count="1"/>
      <line num="112" type="stmt" count="1"/>
      <line num="113" type="stmt" count="1"/>
      <line num="114" type="stmt" count="1"/>
      <line num="115" type="stmt" count="1"/>
      <line num="116" type="stmt" count="1"/>
      <line num="117" type="stmt" count="1"/>
      <line num="118" type="stmt" count="1"/>
      <line num="119" type="stmt" count="1"/>
      <line num="121" type="stmt" count="1"/>
      <line num="123" type="stmt" count="1"/>
      <line num="124" type="stmt" count="1"/>
      <line num="131" type="method" name="getSut" visibility="protected" complexity="1" crap="1" count="9"/>
      <line num="133" type="stmt" count="9"/>
      <metrics loc="135" ncloc="129" classes="1" methods="5" coveredmethods="5" conditionals="0" coveredconditionals="0" statements="83" coveredstatements="83" elements="88" coveredelements="88"/>
    </file>
    <file name="/home/runner/work/qb/qb/src/MySQL/Statement/Update.php">
      <class name="QB\MySQL\Statement\Update" namespace="global">
        <metrics complexity="8" methods="4" coveredmethods="3" conditionals="0" coveredconditionals="0" statements="18" coveredstatements="15" elements="22" coveredelements="18"/>
      </class>
      <line num="24" type="method" name="addModifier" visibility="public" complexity="4" crap="4.84" count="1"/>
      <line num="26" type="stmt" count="1"/>
      <line num="28" type="stmt" count="1"/>
      <line num="29" type="stmt" count="1"/>
      <line num="30" type="stmt" count="1"/>
      <line num="31" type="stmt" count="0"/>
      <line num="32" type="stmt" count="0"/>
      <line num="33" type="stmt" count="0"/>
      <line num="37" type="stmt" count="1"/>
      <line num="45" type="method" name="setLimit" visibility="public" complexity="1" crap="1" count="1"/>
      <line num="47" type="stmt" count="1"/>
      <line num="49" type="stmt" count="1"/>
      <line num="55" type="method" name="__toString" visibility="public" complexity="1" crap="1" count="1"/>
      <line num="57" type="stmt" count="1"/>
      <line num="58" type="stmt" count="1"/>
      <line num="59" type="stmt" count="1"/>
      <line num="62" type="stmt" count="1"/>
      <line num="65" type="method" name="getLimit" visibility="protected" complexity="2" crap="2" count="1"/>
      <line num="67" type="stmt" count="1"/>
      <line num="68" type="stmt" count="1"/>
      <line num="69" type="stmt" count="1"/>
      <line num="72" type="stmt" count="1"/>
      <metrics loc="74" ncloc="60" classes="1" methods="4" coveredmethods="3" conditionals="0" coveredconditionals="0" statements="18" coveredstatements="15" elements="22" coveredelements="18"/>
    </file>
    <file name="/home/runner/work/qb/qb/src/MySQL/Statement/UpdateTest.php">
      <class name="QB\MySQL\Statement\UpdateTest" namespace="global">
        <metrics complexity="2" methods="2" coveredmethods="2" conditionals="0" coveredconditionals="0" statements="14" coveredstatements="14" elements="16" coveredelements="16"/>
      </class>
      <line num="13" type="method" name="testUpdateSimple" visibility="public" complexity="1" crap="1" count="1"/>
      <line num="15" type="stmt" count="1"/>
      <line num="16" type="stmt" count="1"/>
      <line num="17" type="stmt" count="1"/>
      <line num="18" type="stmt" count="1"/>
      <line num="19" type="stmt" count="1"/>
      <line num="21" type="stmt" count="1"/>
      <line num="22" type="stmt" count="1"/>
      <line num="23" type="stmt" count="1"/>
      <line num="24" type="stmt" count="1"/>
      <line num="25" type="stmt" count="1"/>
      <line num="27" type="stmt" count="1"/>
      <line num="29" type="stmt" count="1"/>
      <line num="30" type="stmt" count="1"/>
      <line num="37" type="method" name="getSut" visibility="protected" complexity="1" crap="1" count="1"/>
      <line num="39" type="stmt" count="1"/>
      <metrics loc="41" ncloc="36" classes="1" methods="2" coveredmethods="2" conditionals="0" coveredconditionals="0" statements="14" coveredstatements="14" elements="16" coveredelements="16"/>
    </file>
    <file name="/home/runner/work/qb/qb/src/PostgreSQL/Factory/Factory.php">
      <class name="QB\PostgreSQL\Factory\Factory" namespace="global">
        <metrics complexity="1" methods="1" coveredmethods="1" conditionals="0" coveredconditionals="0" statements="1" coveredstatements="1" elements="2" coveredelements="2"/>
      </class>
      <line num="16" type="method" name="select" visibility="public" complexity="1" crap="1" count="1"/>
      <line num="18" type="stmt" count="1"/>
      <metrics loc="20" ncloc="17" classes="1" methods="1" coveredmethods="1" conditionals="0" coveredconditionals="0" statements="1" coveredstatements="1" elements="2" coveredelements="2"/>
    </file>
    <file name="/home/runner/work/qb/qb/src/PostgreSQL/Factory/FactoryTest.php">
      <class name="QB\PostgreSQL\Factory\FactoryTest" namespace="global">
        <metrics complexity="1" methods="1" coveredmethods="1" conditionals="0" coveredconditionals="0" statements="2" coveredstatements="2" elements="3" coveredelements="3"/>
      </class>
      <line num="15" type="method" name="setUp" visibility="public" complexity="1" crap="1" count="5"/>
      <line num="17" type="stmt" count="5"/>
      <line num="18" type="stmt" count="5"/>
      <metrics loc="19" ncloc="18" classes="1" methods="1" coveredmethods="1" conditionals="0" coveredconditionals="0" statements="2" coveredstatements="2" elements="3" coveredelements="3"/>
    </file>
    <file name="/home/runner/work/qb/qb/src/PostgreSQL/Statement/Select.php">
      <class name="QB\PostgreSQL\Statement\Select" namespace="global">
        <metrics complexity="17" methods="8" coveredmethods="0" conditionals="0" coveredconditionals="0" statements="37" coveredstatements="10" elements="45" coveredelements="10"/>
      </class>
      <line num="26" type="method" name="setOuterOffset" visibility="public" complexity="1" crap="2" count="0"/>
      <line num="28" type="stmt" count="0"/>
      <line num="30" type="stmt" count="0"/>
      <line num="38" type="method" name="setOuterLimit" visibility="public" complexity="1" crap="2" count="0"/>
      <line num="40" type="stmt" count="0"/>
      <line num="42" type="stmt" count="0"/>
      <line num="51" type="method" name="addOuterOrderBy" visibility="public" complexity="1" crap="2" count="0"/>
      <line num="53" type="stmt" count="0"/>
      <line num="55" type="stmt" count="0"/>
      <line num="63" type="method" name="addUnion" visibility="public" complexity="1" crap="2" count="0"/>
      <line num="65" type="stmt" count="0"/>
      <line num="67" type="stmt" count="0"/>
      <line num="70" type="method" name="__toString" visibility="public" complexity="4" crap="5.57" count="1"/>
      <line num="72" type="stmt" count="1"/>
      <line num="73" type="stmt" count="1"/>
      <line num="74" type="stmt" count="1"/>
      <line num="77" type="stmt" count="1"/>
      <line num="79" type="stmt" count="1"/>
      <line num="81" type="stmt" count="1"/>
      <line num="82" type="stmt" count="1"/>
      <line num="85" type="stmt" count="0"/>
      <line num="86" type="stmt" count="0"/>
      <line num="87" type="stmt" count="0"/>
      <line num="88" type="stmt" count="0"/>
      <line num="91" type="stmt" count="0"/>
      <line num="93" type="stmt" count="0"/>
      <line num="96" type="method" name="getUnion" visibility="public" complexity="2" crap="2.06" count="1"/>
      <line num="98" type="stmt" count="1"/>
      <line num="99" type="stmt" count="1"/>
      <line num="100" type="stmt" count="0"/>
      <line num="103" type="stmt" count="1"/>
      <line num="106" type="method" name="getOuterOrderBy" visibility="protected" complexity="3" crap="12" count="0"/>
      <line num="108" type="stmt" count="0"/>
      <line num="109" type="stmt" count="0"/>
      <line num="112" type="stmt" count="0"/>
      <line num="113" type="stmt" count="0"/>
      <line num="114" type="stmt" count="0"/>
      <line num="117" type="stmt" count="0"/>
      <line num="120" type="method" name="getOuterLimit" visibility="protected" complexity="4" crap="20" count="0"/>
      <line num="122" type="stmt" count="0"/>
      <line num="123" type="stmt" count="0"/>
      <line num="124" type="stmt" count="0"/>
      <line num="125" type="stmt" count="0"/>
      <line num="126" type="stmt" count="0"/>
      <line num="129" type="stmt" count="0"/>
      <metrics loc="131" ncloc="108" classes="1" methods="8" coveredmethods="0" conditionals="0" coveredconditionals="0" statements="37" coveredstatements="10" elements="45" coveredelements="10"/>
    </file>
    <metrics files="43" loc="3317" ncloc="2804" classes="37" methods="191" coveredmethods="139" conditionals="0" coveredconditionals="0" statements="969" coveredstatements="826" elements="1160" coveredelements="965"/>
  </project>
</coverage>
